{"C:\\Users\\Marlon\\Documents\\Proyectos FUERA\\Servicios\\1. Mercadolibre\\mercadolibre-backend\\src\\apps\\utils\\Constants.ts": {"path":"C:\\Users\\Marlon\\Documents\\Proyectos FUERA\\Servicios\\1. Mercadolibre\\mercadolibre-backend\\src\\apps\\utils\\Constants.ts","statementMap":{"0":{"start":{"line":2,"column":0},"end":{"line":2,"column":62}},"1":{"start":{"line":3,"column":0},"end":{"line":3,"column":94}},"2":{"start":{"line":4,"column":0},"end":{"line":7,"column":2}},"3":{"start":{"line":8,"column":0},"end":{"line":13,"column":2}},"4":{"start":{"line":14,"column":0},"end":{"line":17,"column":2}},"5":{"start":{"line":18,"column":0},"end":{"line":21,"column":2}}},"fnMap":{},"branchMap":{},"s":{"0":1,"1":1,"2":1,"3":1,"4":1,"5":1},"f":{},"b":{},"inputSourceMap":null,"_coverageSchema":"1a1c01bbd47fc00a2c39e90264f33305004495a9","hash":"f5fbbea1acc429f4c69b18f608dfb34e0feb41b3"}
,"C:\\Users\\Marlon\\Documents\\Proyectos FUERA\\Servicios\\1. Mercadolibre\\mercadolibre-backend\\src\\contexts\\products\\application\\ProductManager.ts": {"path":"C:\\Users\\Marlon\\Documents\\Proyectos FUERA\\Servicios\\1. Mercadolibre\\mercadolibre-backend\\src\\contexts\\products\\application\\ProductManager.ts","statementMap":{"0":{"start":{"line":2,"column":16},"end":{"line":10,"column":1}},"1":{"start":{"line":3,"column":28},"end":{"line":3,"column":110}},"2":{"start":{"line":3,"column":91},"end":{"line":3,"column":106}},"3":{"start":{"line":4,"column":4},"end":{"line":9,"column":7}},"4":{"start":{"line":5,"column":36},"end":{"line":5,"column":97}},"5":{"start":{"line":5,"column":42},"end":{"line":5,"column":70}},"6":{"start":{"line":5,"column":85},"end":{"line":5,"column":95}},"7":{"start":{"line":6,"column":35},"end":{"line":6,"column":100}},"8":{"start":{"line":6,"column":41},"end":{"line":6,"column":73}},"9":{"start":{"line":6,"column":88},"end":{"line":6,"column":98}},"10":{"start":{"line":7,"column":32},"end":{"line":7,"column":116}},"11":{"start":{"line":8,"column":8},"end":{"line":8,"column":78}},"12":{"start":{"line":11,"column":22},"end":{"line":13,"column":1}},"13":{"start":{"line":12,"column":4},"end":{"line":12,"column":62}},"14":{"start":{"line":14,"column":0},"end":{"line":14,"column":62}},"15":{"start":{"line":15,"column":0},"end":{"line":15,"column":32}},"16":{"start":{"line":16,"column":18},"end":{"line":16,"column":55}},"17":{"start":{"line":17,"column":26},"end":{"line":17,"column":71}},"18":{"start":{"line":18,"column":25},"end":{"line":18,"column":89}},"19":{"start":{"line":19,"column":25},"end":{"line":19,"column":89}},"20":{"start":{"line":20,"column":16},"end":{"line":20,"column":32}},"21":{"start":{"line":21,"column":20},"end":{"line":21,"column":60}},"22":{"start":{"line":22,"column":16},"end":{"line":22,"column":49}},"23":{"start":{"line":23,"column":22},"end":{"line":23,"column":61}},"24":{"start":{"line":26,"column":8},"end":{"line":26,"column":37}},"25":{"start":{"line":27,"column":8},"end":{"line":27,"column":63}},"26":{"start":{"line":30,"column":8},"end":{"line":67,"column":11}},"27":{"start":{"line":31,"column":12},"end":{"line":35,"column":13}},"28":{"start":{"line":32,"column":37},"end":{"line":32,"column":75}},"29":{"start":{"line":33,"column":16},"end":{"line":33,"column":80}},"30":{"start":{"line":34,"column":16},"end":{"line":34,"column":113}},"31":{"start":{"line":36,"column":12},"end":{"line":66,"column":13}},"32":{"start":{"line":37,"column":36},"end":{"line":37,"column":74}},"33":{"start":{"line":38,"column":43},"end":{"line":38,"column":88}},"34":{"start":{"line":39,"column":35},"end":{"line":39,"column":99}},"35":{"start":{"line":40,"column":47},"end":{"line":40,"column":77}},"36":{"start":{"line":41,"column":37},"end":{"line":41,"column":39}},"37":{"start":{"line":42,"column":16},"end":{"line":44,"column":17}},"38":{"start":{"line":43,"column":20},"end":{"line":43,"column":93}},"39":{"start":{"line":43,"column":78},"end":{"line":43,"column":91}},"40":{"start":{"line":45,"column":40},"end":{"line":56,"column":18}},"41":{"start":{"line":57,"column":39},"end":{"line":60,"column":18}},"42":{"start":{"line":61,"column":16},"end":{"line":61,"column":38}},"43":{"start":{"line":64,"column":16},"end":{"line":64,"column":69}},"44":{"start":{"line":65,"column":16},"end":{"line":65,"column":94}},"45":{"start":{"line":70,"column":8},"end":{"line":100,"column":11}},"46":{"start":{"line":71,"column":12},"end":{"line":75,"column":13}},"47":{"start":{"line":72,"column":37},"end":{"line":72,"column":72}},"48":{"start":{"line":73,"column":16},"end":{"line":73,"column":80}},"49":{"start":{"line":74,"column":16},"end":{"line":74,"column":113}},"50":{"start":{"line":76,"column":12},"end":{"line":99,"column":13}},"51":{"start":{"line":77,"column":36},"end":{"line":77,"column":74}},"52":{"start":{"line":78,"column":35},"end":{"line":78,"column":170}},"53":{"start":{"line":78,"column":115},"end":{"line":78,"column":139}},"54":{"start":{"line":79,"column":39},"end":{"line":79,"column":82}},"55":{"start":{"line":79,"column":68},"end":{"line":79,"column":81}},"56":{"start":{"line":80,"column":40},"end":{"line":88,"column":19}},"57":{"start":{"line":80,"column":82},"end":{"line":88,"column":18}},"58":{"start":{"line":89,"column":39},"end":{"line":93,"column":18}},"59":{"start":{"line":94,"column":16},"end":{"line":94,"column":38}},"60":{"start":{"line":97,"column":16},"end":{"line":97,"column":69}},"61":{"start":{"line":98,"column":16},"end":{"line":98,"column":94}},"62":{"start":{"line":103,"column":0},"end":{"line":103,"column":40}}},"fnMap":{"0":{"name":"(anonymous_0)","decl":{"start":{"line":2,"column":44},"end":{"line":2,"column":45}},"loc":{"start":{"line":2,"column":89},"end":{"line":10,"column":1}},"line":2},"1":{"name":"adopt","decl":{"start":{"line":3,"column":13},"end":{"line":3,"column":18}},"loc":{"start":{"line":3,"column":26},"end":{"line":3,"column":112}},"line":3},"2":{"name":"(anonymous_2)","decl":{"start":{"line":3,"column":70},"end":{"line":3,"column":71}},"loc":{"start":{"line":3,"column":89},"end":{"line":3,"column":108}},"line":3},"3":{"name":"(anonymous_3)","decl":{"start":{"line":4,"column":36},"end":{"line":4,"column":37}},"loc":{"start":{"line":4,"column":63},"end":{"line":9,"column":5}},"line":4},"4":{"name":"fulfilled","decl":{"start":{"line":5,"column":17},"end":{"line":5,"column":26}},"loc":{"start":{"line":5,"column":34},"end":{"line":5,"column":99}},"line":5},"5":{"name":"rejected","decl":{"start":{"line":6,"column":17},"end":{"line":6,"column":25}},"loc":{"start":{"line":6,"column":33},"end":{"line":6,"column":102}},"line":6},"6":{"name":"step","decl":{"start":{"line":7,"column":17},"end":{"line":7,"column":21}},"loc":{"start":{"line":7,"column":30},"end":{"line":7,"column":118}},"line":7},"7":{"name":"(anonymous_7)","decl":{"start":{"line":11,"column":56},"end":{"line":11,"column":57}},"loc":{"start":{"line":11,"column":71},"end":{"line":13,"column":1}},"line":11},"8":{"name":"(anonymous_8)","decl":{"start":{"line":25,"column":4},"end":{"line":25,"column":5}},"loc":{"start":{"line":25,"column":28},"end":{"line":28,"column":5}},"line":25},"9":{"name":"(anonymous_9)","decl":{"start":{"line":29,"column":4},"end":{"line":29,"column":5}},"loc":{"start":{"line":29,"column":23},"end":{"line":68,"column":5}},"line":29},"10":{"name":"(anonymous_10)","decl":{"start":{"line":30,"column":47},"end":{"line":30,"column":48}},"loc":{"start":{"line":30,"column":60},"end":{"line":67,"column":9}},"line":30},"11":{"name":"(anonymous_11)","decl":{"start":{"line":43,"column":64},"end":{"line":43,"column":65}},"loc":{"start":{"line":43,"column":78},"end":{"line":43,"column":91}},"line":43},"12":{"name":"(anonymous_12)","decl":{"start":{"line":69,"column":4},"end":{"line":69,"column":5}},"loc":{"start":{"line":69,"column":23},"end":{"line":101,"column":5}},"line":69},"13":{"name":"(anonymous_13)","decl":{"start":{"line":70,"column":47},"end":{"line":70,"column":48}},"loc":{"start":{"line":70,"column":60},"end":{"line":100,"column":9}},"line":70},"14":{"name":"(anonymous_14)","decl":{"start":{"line":78,"column":103},"end":{"line":78,"column":104}},"loc":{"start":{"line":78,"column":115},"end":{"line":78,"column":139}},"line":78},"15":{"name":"(anonymous_15)","decl":{"start":{"line":79,"column":54},"end":{"line":79,"column":55}},"loc":{"start":{"line":79,"column":68},"end":{"line":79,"column":81}},"line":79},"16":{"name":"(anonymous_16)","decl":{"start":{"line":80,"column":69},"end":{"line":80,"column":70}},"loc":{"start":{"line":80,"column":82},"end":{"line":88,"column":18}},"line":80}},"branchMap":{"0":{"loc":{"start":{"line":2,"column":16},"end":{"line":10,"column":1}},"type":"binary-expr","locations":[{"start":{"line":2,"column":17},"end":{"line":2,"column":21}},{"start":{"line":2,"column":25},"end":{"line":2,"column":39}},{"start":{"line":2,"column":44},"end":{"line":10,"column":1}}],"line":2},"1":{"loc":{"start":{"line":3,"column":35},"end":{"line":3,"column":109}},"type":"cond-expr","locations":[{"start":{"line":3,"column":56},"end":{"line":3,"column":61}},{"start":{"line":3,"column":64},"end":{"line":3,"column":109}}],"line":3},"2":{"loc":{"start":{"line":4,"column":16},"end":{"line":4,"column":34}},"type":"binary-expr","locations":[{"start":{"line":4,"column":16},"end":{"line":4,"column":17}},{"start":{"line":4,"column":22},"end":{"line":4,"column":33}}],"line":4},"3":{"loc":{"start":{"line":7,"column":32},"end":{"line":7,"column":115}},"type":"cond-expr","locations":[{"start":{"line":7,"column":46},"end":{"line":7,"column":67}},{"start":{"line":7,"column":70},"end":{"line":7,"column":115}}],"line":7},"4":{"loc":{"start":{"line":8,"column":51},"end":{"line":8,"column":67}},"type":"binary-expr","locations":[{"start":{"line":8,"column":51},"end":{"line":8,"column":61}},{"start":{"line":8,"column":65},"end":{"line":8,"column":67}}],"line":8},"5":{"loc":{"start":{"line":11,"column":22},"end":{"line":13,"column":1}},"type":"binary-expr","locations":[{"start":{"line":11,"column":23},"end":{"line":11,"column":27}},{"start":{"line":11,"column":31},"end":{"line":11,"column":51}},{"start":{"line":11,"column":56},"end":{"line":13,"column":1}}],"line":11},"6":{"loc":{"start":{"line":12,"column":11},"end":{"line":12,"column":61}},"type":"cond-expr","locations":[{"start":{"line":12,"column":37},"end":{"line":12,"column":40}},{"start":{"line":12,"column":43},"end":{"line":12,"column":61}}],"line":12},"7":{"loc":{"start":{"line":12,"column":12},"end":{"line":12,"column":33}},"type":"binary-expr","locations":[{"start":{"line":12,"column":12},"end":{"line":12,"column":15}},{"start":{"line":12,"column":19},"end":{"line":12,"column":33}}],"line":12},"8":{"loc":{"start":{"line":31,"column":12},"end":{"line":35,"column":13}},"type":"if","locations":[{"start":{"line":31,"column":12},"end":{"line":35,"column":13}},{"start":{"line":31,"column":12},"end":{"line":35,"column":13}}],"line":31},"9":{"loc":{"start":{"line":42,"column":16},"end":{"line":44,"column":17}},"type":"if","locations":[{"start":{"line":42,"column":16},"end":{"line":44,"column":17}},{"start":{"line":42,"column":16},"end":{"line":44,"column":17}}],"line":42},"10":{"loc":{"start":{"line":52,"column":29},"end":{"line":52,"column":154}},"type":"cond-expr","locations":[{"start":{"line":52,"column":74},"end":{"line":52,"column":109}},{"start":{"line":52,"column":112},"end":{"line":52,"column":154}}],"line":52},"11":{"loc":{"start":{"line":71,"column":12},"end":{"line":75,"column":13}},"type":"if","locations":[{"start":{"line":71,"column":12},"end":{"line":75,"column":13}},{"start":{"line":71,"column":12},"end":{"line":75,"column":13}}],"line":71},"12":{"loc":{"start":{"line":78,"column":35},"end":{"line":78,"column":170}},"type":"cond-expr","locations":[{"start":{"line":78,"column":73},"end":{"line":78,"column":165}},{"start":{"line":78,"column":168},"end":{"line":78,"column":170}}],"line":78}},"s":{"0":1,"1":8,"2":0,"3":6,"4":8,"5":8,"6":0,"7":0,"8":0,"9":0,"10":12,"11":6,"12":1,"13":1,"14":1,"15":1,"16":1,"17":1,"18":1,"19":1,"20":1,"21":1,"22":1,"23":1,"24":6,"25":6,"26":3,"27":3,"28":1,"29":1,"30":1,"31":2,"32":2,"33":2,"34":2,"35":2,"36":2,"37":2,"38":1,"39":3,"40":2,"41":2,"42":2,"43":0,"44":0,"45":3,"46":3,"47":1,"48":1,"49":1,"50":2,"51":2,"52":2,"53":1,"54":2,"55":2,"56":2,"57":4,"58":2,"59":2,"60":0,"61":0,"62":1},"f":{"0":6,"1":8,"2":0,"3":6,"4":8,"5":0,"6":12,"7":1,"8":6,"9":3,"10":3,"11":3,"12":3,"13":3,"14":1,"15":2,"16":4},"b":{"0":[1,1,1],"1":[8,0],"2":[6,6],"3":[4,8],"4":[6,6],"5":[1,1,1],"6":[0,1],"7":[1,1],"8":[1,2],"9":[1,1],"10":[2,0],"11":[1,2],"12":[1,1]},"inputSourceMap":null,"_coverageSchema":"1a1c01bbd47fc00a2c39e90264f33305004495a9","hash":"80395477dd9d47ce137e6310a539e77f3c7008fa"}
,"C:\\Users\\Marlon\\Documents\\Proyectos FUERA\\Servicios\\1. Mercadolibre\\mercadolibre-backend\\src\\contexts\\products\\domain\\entities\\Product.ts": {"path":"C:\\Users\\Marlon\\Documents\\Proyectos FUERA\\Servicios\\1. Mercadolibre\\mercadolibre-backend\\src\\contexts\\products\\domain\\entities\\Product.ts","statementMap":{"0":{"start":{"line":2,"column":0},"end":{"line":2,"column":62}},"1":{"start":{"line":3,"column":0},"end":{"line":3,"column":25}},"2":{"start":{"line":7,"column":8},"end":{"line":7,"column":21}},"3":{"start":{"line":8,"column":8},"end":{"line":8,"column":27}},"4":{"start":{"line":9,"column":8},"end":{"line":9,"column":27}},"5":{"start":{"line":10,"column":8},"end":{"line":10,"column":31}},"6":{"start":{"line":11,"column":8},"end":{"line":11,"column":35}},"7":{"start":{"line":12,"column":8},"end":{"line":12,"column":43}},"8":{"start":{"line":13,"column":8},"end":{"line":13,"column":31}},"9":{"start":{"line":16,"column":0},"end":{"line":16,"column":26}}},"fnMap":{"0":{"name":"(anonymous_0)","decl":{"start":{"line":6,"column":4},"end":{"line":6,"column":5}},"loc":{"start":{"line":6,"column":82},"end":{"line":14,"column":5}},"line":6}},"branchMap":{},"s":{"0":1,"1":1,"2":6,"3":6,"4":6,"5":6,"6":6,"7":6,"8":6,"9":1},"f":{"0":6},"b":{},"inputSourceMap":null,"_coverageSchema":"1a1c01bbd47fc00a2c39e90264f33305004495a9","hash":"d35d74081463210898abfa8f3aba5518e6956c66"}
,"C:\\Users\\Marlon\\Documents\\Proyectos FUERA\\Servicios\\1. Mercadolibre\\mercadolibre-backend\\src\\contexts\\products\\domain\\entities\\ProductDetailed.ts": {"path":"C:\\Users\\Marlon\\Documents\\Proyectos FUERA\\Servicios\\1. Mercadolibre\\mercadolibre-backend\\src\\contexts\\products\\domain\\entities\\ProductDetailed.ts","statementMap":{"0":{"start":{"line":2,"column":0},"end":{"line":2,"column":62}},"1":{"start":{"line":3,"column":0},"end":{"line":3,"column":33}},"2":{"start":{"line":4,"column":18},"end":{"line":4,"column":38}},"3":{"start":{"line":8,"column":8},"end":{"line":8,"column":80}},"4":{"start":{"line":9,"column":8},"end":{"line":9,"column":39}},"5":{"start":{"line":10,"column":8},"end":{"line":10,"column":45}},"6":{"start":{"line":11,"column":8},"end":{"line":11,"column":43}},"7":{"start":{"line":14,"column":0},"end":{"line":14,"column":42}}},"fnMap":{"0":{"name":"(anonymous_0)","decl":{"start":{"line":7,"column":4},"end":{"line":7,"column":5}},"loc":{"start":{"line":7,"column":126},"end":{"line":12,"column":5}},"line":7}},"branchMap":{},"s":{"0":1,"1":1,"2":1,"3":2,"4":2,"5":2,"6":2,"7":1},"f":{"0":2},"b":{},"inputSourceMap":null,"_coverageSchema":"1a1c01bbd47fc00a2c39e90264f33305004495a9","hash":"c677d995f4db8a92b4729851432c165c117b0670"}
,"C:\\Users\\Marlon\\Documents\\Proyectos FUERA\\Servicios\\1. Mercadolibre\\mercadolibre-backend\\src\\contexts\\products\\domain\\errors\\Error.ts": {"path":"C:\\Users\\Marlon\\Documents\\Proyectos FUERA\\Servicios\\1. Mercadolibre\\mercadolibre-backend\\src\\contexts\\products\\domain\\errors\\Error.ts","statementMap":{"0":{"start":{"line":2,"column":0},"end":{"line":2,"column":62}},"1":{"start":{"line":3,"column":0},"end":{"line":3,"column":26}},"2":{"start":{"line":6,"column":8},"end":{"line":6,"column":28}},"3":{"start":{"line":7,"column":8},"end":{"line":7,"column":34}},"4":{"start":{"line":10,"column":0},"end":{"line":10,"column":28}}},"fnMap":{"0":{"name":"(anonymous_0)","decl":{"start":{"line":5,"column":4},"end":{"line":5,"column":5}},"loc":{"start":{"line":5,"column":22},"end":{"line":8,"column":5}},"line":5}},"branchMap":{},"s":{"0":1,"1":1,"2":2,"3":2,"4":1},"f":{"0":2},"b":{},"inputSourceMap":null,"_coverageSchema":"1a1c01bbd47fc00a2c39e90264f33305004495a9","hash":"a3e045b884110ca46cf2a666610bdc25df4bbf9f"}
,"C:\\Users\\Marlon\\Documents\\Proyectos FUERA\\Servicios\\1. Mercadolibre\\mercadolibre-backend\\src\\contexts\\products\\infrastructure\\rest\\controllers\\dto\\ProductItemDTO.ts": {"path":"C:\\Users\\Marlon\\Documents\\Proyectos FUERA\\Servicios\\1. Mercadolibre\\mercadolibre-backend\\src\\contexts\\products\\infrastructure\\rest\\controllers\\dto\\ProductItemDTO.ts","statementMap":{"0":{"start":{"line":2,"column":0},"end":{"line":2,"column":62}},"1":{"start":{"line":3,"column":0},"end":{"line":3,"column":32}},"2":{"start":{"line":7,"column":8},"end":{"line":7,"column":29}},"3":{"start":{"line":8,"column":8},"end":{"line":8,"column":25}},"4":{"start":{"line":11,"column":0},"end":{"line":11,"column":40}}},"fnMap":{"0":{"name":"(anonymous_0)","decl":{"start":{"line":6,"column":4},"end":{"line":6,"column":5}},"loc":{"start":{"line":6,"column":34},"end":{"line":9,"column":5}},"line":6}},"branchMap":{},"s":{"0":1,"1":1,"2":2,"3":2,"4":1},"f":{"0":2},"b":{},"inputSourceMap":null,"_coverageSchema":"1a1c01bbd47fc00a2c39e90264f33305004495a9","hash":"d355ae5187d6e3c5567dcb8ce71f9f9a2816a041"}
,"C:\\Users\\Marlon\\Documents\\Proyectos FUERA\\Servicios\\1. Mercadolibre\\mercadolibre-backend\\src\\contexts\\products\\infrastructure\\rest\\controllers\\dto\\ProductListDTO.ts": {"path":"C:\\Users\\Marlon\\Documents\\Proyectos FUERA\\Servicios\\1. Mercadolibre\\mercadolibre-backend\\src\\contexts\\products\\infrastructure\\rest\\controllers\\dto\\ProductListDTO.ts","statementMap":{"0":{"start":{"line":2,"column":0},"end":{"line":2,"column":62}},"1":{"start":{"line":3,"column":0},"end":{"line":3,"column":32}},"2":{"start":{"line":7,"column":8},"end":{"line":7,"column":29}},"3":{"start":{"line":8,"column":8},"end":{"line":8,"column":37}},"4":{"start":{"line":9,"column":8},"end":{"line":9,"column":27}},"5":{"start":{"line":12,"column":0},"end":{"line":12,"column":40}}},"fnMap":{"0":{"name":"(anonymous_0)","decl":{"start":{"line":6,"column":4},"end":{"line":6,"column":5}},"loc":{"start":{"line":6,"column":47},"end":{"line":10,"column":5}},"line":6}},"branchMap":{},"s":{"0":1,"1":1,"2":2,"3":2,"4":2,"5":1},"f":{"0":2},"b":{},"inputSourceMap":null,"_coverageSchema":"1a1c01bbd47fc00a2c39e90264f33305004495a9","hash":"afacca4399d1038b4b5c398aea49ffb46f179355"}
}
