TN:
SF:src\apps\utils\Constants.ts
FNF:0
FNH:0
DA:2,1
DA:3,1
DA:4,1
DA:8,1
DA:14,1
DA:18,1
LF:6
LH:6
BRF:0
BRH:0
end_of_record
TN:
SF:src\contexts\products\application\ProductManager.ts
FN:2,(anonymous_0)
FN:3,adopt
FN:3,(anonymous_2)
FN:4,(anonymous_3)
FN:5,fulfilled
FN:6,rejected
FN:7,step
FN:11,(anonymous_7)
FN:25,(anonymous_8)
FN:29,(anonymous_9)
FN:30,(anonymous_10)
FN:43,(anonymous_11)
FN:69,(anonymous_12)
FN:70,(anonymous_13)
FN:78,(anonymous_14)
FN:79,(anonymous_15)
FN:80,(anonymous_16)
FNF:17
FNH:15
FNDA:6,(anonymous_0)
FNDA:8,adopt
FNDA:0,(anonymous_2)
FNDA:6,(anonymous_3)
FNDA:8,fulfilled
FNDA:0,rejected
FNDA:12,step
FNDA:1,(anonymous_7)
FNDA:6,(anonymous_8)
FNDA:3,(anonymous_9)
FNDA:3,(anonymous_10)
FNDA:3,(anonymous_11)
FNDA:3,(anonymous_12)
FNDA:3,(anonymous_13)
FNDA:1,(anonymous_14)
FNDA:2,(anonymous_15)
FNDA:4,(anonymous_16)
DA:2,1
DA:3,8
DA:4,6
DA:5,8
DA:6,0
DA:7,12
DA:8,6
DA:11,1
DA:12,1
DA:14,1
DA:15,1
DA:16,1
DA:17,1
DA:18,1
DA:19,1
DA:20,1
DA:21,1
DA:22,1
DA:23,1
DA:26,6
DA:27,6
DA:30,3
DA:31,3
DA:32,1
DA:33,1
DA:34,1
DA:36,2
DA:37,2
DA:38,2
DA:39,2
DA:40,2
DA:41,2
DA:42,2
DA:43,3
DA:45,2
DA:57,2
DA:61,2
DA:64,0
DA:65,0
DA:70,3
DA:71,3
DA:72,1
DA:73,1
DA:74,1
DA:76,2
DA:77,2
DA:78,2
DA:79,2
DA:80,4
DA:89,2
DA:94,2
DA:97,0
DA:98,0
DA:103,1
LF:54
LH:49
BRDA:2,0,0,1
BRDA:2,0,1,1
BRDA:2,0,2,1
BRDA:3,1,0,8
BRDA:3,1,1,0
BRDA:4,2,0,6
BRDA:4,2,1,6
BRDA:7,3,0,4
BRDA:7,3,1,8
BRDA:8,4,0,6
BRDA:8,4,1,6
BRDA:11,5,0,1
BRDA:11,5,1,1
BRDA:11,5,2,1
BRDA:12,6,0,0
BRDA:12,6,1,1
BRDA:12,7,0,1
BRDA:12,7,1,1
BRDA:31,8,0,1
BRDA:31,8,1,2
BRDA:42,9,0,1
BRDA:42,9,1,1
BRDA:52,10,0,2
BRDA:52,10,1,0
BRDA:71,11,0,1
BRDA:71,11,1,2
BRDA:78,12,0,1
BRDA:78,12,1,1
BRF:28
BRH:25
end_of_record
TN:
SF:src\contexts\products\domain\entities\Product.ts
FN:6,(anonymous_0)
FNF:1
FNH:1
FNDA:6,(anonymous_0)
DA:2,1
DA:3,1
DA:7,6
DA:8,6
DA:9,6
DA:10,6
DA:11,6
DA:12,6
DA:13,6
DA:16,1
LF:10
LH:10
BRF:0
BRH:0
end_of_record
TN:
SF:src\contexts\products\domain\entities\ProductDetailed.ts
FN:7,(anonymous_0)
FNF:1
FNH:1
FNDA:2,(anonymous_0)
DA:2,1
DA:3,1
DA:4,1
DA:8,2
DA:9,2
DA:10,2
DA:11,2
DA:14,1
LF:8
LH:8
BRF:0
BRH:0
end_of_record
TN:
SF:src\contexts\products\domain\errors\Error.ts
FN:5,(anonymous_0)
FNF:1
FNH:1
FNDA:2,(anonymous_0)
DA:2,1
DA:3,1
DA:6,2
DA:7,2
DA:10,1
LF:5
LH:5
BRF:0
BRH:0
end_of_record
TN:
SF:src\contexts\products\infrastructure\rest\controllers\dto\ProductItemDTO.ts
FN:6,(anonymous_0)
FNF:1
FNH:1
FNDA:2,(anonymous_0)
DA:2,1
DA:3,1
DA:7,2
DA:8,2
DA:11,1
LF:5
LH:5
BRF:0
BRH:0
end_of_record
TN:
SF:src\contexts\products\infrastructure\rest\controllers\dto\ProductListDTO.ts
FN:6,(anonymous_0)
FNF:1
FNH:1
FNDA:2,(anonymous_0)
DA:2,1
DA:3,1
DA:7,2
DA:8,2
DA:9,2
DA:12,1
LF:6
LH:6
BRF:0
BRH:0
end_of_record
