<?xml version="1.0" encoding="UTF-8"?>
<coverage generated="1666291255328" clover="3.2.0">
  <project timestamp="1666291255328" name="All files">
    <metrics statements="33" coveredstatements="28" conditionals="0" coveredconditionals="0" methods="8" coveredmethods="6" elements="41" coveredelements="34" complexity="0" loc="33" ncloc="33" packages="6" files="7" classes="7"/>
    <package name="mercadolibre-frontend">
      <metrics statements="3" coveredstatements="0" conditionals="0" coveredconditionals="0" methods="0" coveredmethods="0"/>
      <file name="vite.config.ts" path="C:\Users\Marlon\Documents\Proyectos FUERA\Servicios\1. Mercadolibre\mercadolibre-app\mercadolibre-frontend\vite.config.ts">
        <metrics statements="3" coveredstatements="0" conditionals="0" coveredconditionals="0" methods="0" coveredmethods="0"/>
        <line num="1" count="0" type="stmt"/>
        <line num="2" count="0" type="stmt"/>
        <line num="5" count="0" type="stmt"/>
      </file>
    </package>
    <package name="mercadolibre-frontend.src">
      <metrics statements="0" coveredstatements="0" conditionals="0" coveredconditionals="0" methods="0" coveredmethods="0"/>
      <file name="vite-env.d.ts" path="C:\Users\Marlon\Documents\Proyectos FUERA\Servicios\1. Mercadolibre\mercadolibre-app\mercadolibre-frontend\src\vite-env.d.ts">
        <metrics statements="0" coveredstatements="0" conditionals="0" coveredconditionals="0" methods="0" coveredmethods="0"/>
      </file>
    </package>
    <package name="mercadolibre-frontend.src.core.commons.store">
      <metrics statements="6" coveredstatements="6" conditionals="0" coveredconditionals="0" methods="1" coveredmethods="1"/>
      <file name="Store.ts" path="C:\Users\Marlon\Documents\Proyectos FUERA\Servicios\1. Mercadolibre\mercadolibre-app\mercadolibre-frontend\src\core\commons\store\Store.ts">
        <metrics statements="6" coveredstatements="6" conditionals="0" coveredconditionals="0" methods="1" coveredmethods="1"/>
        <line num="1" count="3" type="stmt"/>
        <line num="2" count="3" type="stmt"/>
        <line num="3" count="3" type="stmt"/>
        <line num="4" count="3" type="stmt"/>
        <line num="6" count="3" type="stmt"/>
        <line num="12" count="3" type="stmt"/>
      </file>
    </package>
    <package name="mercadolibre-frontend.src.core.products.application">
      <metrics statements="12" coveredstatements="12" conditionals="0" coveredconditionals="0" methods="2" coveredmethods="2"/>
      <file name="FindProductUseCase.ts" path="C:\Users\Marlon\Documents\Proyectos FUERA\Servicios\1. Mercadolibre\mercadolibre-app\mercadolibre-frontend\src\core\products\application\FindProductUseCase.ts">
        <metrics statements="6" coveredstatements="6" conditionals="0" coveredconditionals="0" methods="1" coveredmethods="1"/>
        <line num="1" count="4" type="stmt"/>
        <line num="5" count="4" type="stmt"/>
        <line num="9" count="4" type="stmt"/>
        <line num="14" count="7" type="stmt"/>
        <line num="19" count="4" type="stmt"/>
        <line num="20" count="4" type="stmt"/>
      </file>
      <file name="SearchProductsUseCase.ts" path="C:\Users\Marlon\Documents\Proyectos FUERA\Servicios\1. Mercadolibre\mercadolibre-app\mercadolibre-frontend\src\core\products\application\SearchProductsUseCase.ts">
        <metrics statements="6" coveredstatements="6" conditionals="0" coveredconditionals="0" methods="1" coveredmethods="1"/>
        <line num="1" count="4" type="stmt"/>
        <line num="5" count="4" type="stmt"/>
        <line num="9" count="4" type="stmt"/>
        <line num="14" count="14" type="stmt"/>
        <line num="19" count="4" type="stmt"/>
        <line num="20" count="4" type="stmt"/>
      </file>
    </package>
    <package name="mercadolibre-frontend.src.core.products.infrastructure">
      <metrics statements="9" coveredstatements="7" conditionals="0" coveredconditionals="0" methods="5" coveredmethods="3"/>
      <file name="ProductsRepository.ts" path="C:\Users\Marlon\Documents\Proyectos FUERA\Servicios\1. Mercadolibre\mercadolibre-app\mercadolibre-frontend\src\core\products\infrastructure\ProductsRepository.ts">
        <metrics statements="9" coveredstatements="7" conditionals="0" coveredconditionals="0" methods="5" coveredmethods="3"/>
        <line num="1" count="4" type="stmt"/>
        <line num="2" count="4" type="stmt"/>
        <line num="4" count="4" type="stmt"/>
        <line num="10" count="4" type="stmt"/>
        <line num="12" count="0" type="stmt"/>
        <line num="15" count="1" type="stmt"/>
        <line num="18" count="0" type="stmt"/>
        <line num="21" count="1" type="stmt"/>
        <line num="27" count="4" type="stmt"/>
      </file>
    </package>
    <package name="mercadolibre-frontend.src.ui.hooks">
      <metrics statements="3" coveredstatements="3" conditionals="0" coveredconditionals="0" methods="0" coveredmethods="0"/>
      <file name="reduxHooks.ts" path="C:\Users\Marlon\Documents\Proyectos FUERA\Servicios\1. Mercadolibre\mercadolibre-app\mercadolibre-frontend\src\ui\hooks\reduxHooks.ts">
        <metrics statements="3" coveredstatements="3" conditionals="0" coveredconditionals="0" methods="0" coveredmethods="0"/>
        <line num="1" count="4" type="stmt"/>
        <line num="6" count="4" type="stmt"/>
        <line num="7" count="4" type="stmt"/>
      </file>
    </package>
  </project>
</coverage>
