{"C:\\Users\\Marlon\\Documents\\Proyectos FUERA\\Servicios\\1. Mercadolibre\\mercadolibre-app\\mercadolibre-frontend\\vite.config.ts": {"path":"C:\\Users\\Marlon\\Documents\\Proyectos FUERA\\Servicios\\1. Mercadolibre\\mercadolibre-app\\mercadolibre-frontend\\vite.config.ts","statementMap":{"0":{"start":{"line":1,"column":0},"end":{"line":1,"column":35}},"1":{"start":{"line":2,"column":0},"end":{"line":2,"column":40}},"2":{"start":{"line":5,"column":0},"end":{"line":7,"column":null}}},"fnMap":{},"branchMap":{},"s":{"0":0,"1":0,"2":0},"f":{},"b":{}}
,"C:\\Users\\Marlon\\Documents\\Proyectos FUERA\\Servicios\\1. Mercadolibre\\mercadolibre-app\\mercadolibre-frontend\\src\\vite-env.d.ts": {"path":"C:\\Users\\Marlon\\Documents\\Proyectos FUERA\\Servicios\\1. Mercadolibre\\mercadolibre-app\\mercadolibre-frontend\\src\\vite-env.d.ts","statementMap":{},"fnMap":{},"branchMap":{},"s":{},"f":{},"b":{}}
,"C:\\Users\\Marlon\\Documents\\Proyectos FUERA\\Servicios\\1. Mercadolibre\\mercadolibre-app\\mercadolibre-frontend\\src\\core\\commons\\store\\Store.ts": {"path":"C:\\Users\\Marlon\\Documents\\Proyectos FUERA\\Servicios\\1. Mercadolibre\\mercadolibre-app\\mercadolibre-frontend\\src\\core\\commons\\store\\Store.ts","statementMap":{"0":{"start":{"line":1,"column":0},"end":{"line":1,"column":49}},"1":{"start":{"line":2,"column":0},"end":{"line":2,"column":85}},"2":{"start":{"line":3,"column":0},"end":{"line":3,"column":83}},"3":{"start":{"line":4,"column":0},"end":{"line":4,"column":88}},"4":{"start":{"line":6,"column":13},"end":{"line":13,"column":null}},"5":{"start":{"line":12,"column":39},"end":{"line":12,"column":99}}},"fnMap":{"0":{"name":"(anonymous_0)","decl":{"start":{"line":12,"column":13},"end":{"line":12,"column":14}},"loc":{"start":{"line":12,"column":39},"end":{"line":12,"column":99}}}},"branchMap":{},"s":{"0":3,"1":3,"2":3,"3":3,"4":3,"5":3},"f":{"0":3},"b":{}}
,"C:\\Users\\Marlon\\Documents\\Proyectos FUERA\\Servicios\\1. Mercadolibre\\mercadolibre-app\\mercadolibre-frontend\\src\\core\\products\\application\\FindProductUseCase.ts": {"path":"C:\\Users\\Marlon\\Documents\\Proyectos FUERA\\Servicios\\1. Mercadolibre\\mercadolibre-app\\mercadolibre-frontend\\src\\core\\products\\application\\FindProductUseCase.ts","statementMap":{"0":{"start":{"line":1,"column":0},"end":{"line":1,"column":61}},"1":{"start":{"line":5,"column":35},"end":{"line":7,"column":null}},"2":{"start":{"line":9,"column":25},"end":{"line":17,"column":2}},"3":{"start":{"line":14,"column":3},"end":{"line":14,"column":null}},"4":{"start":{"line":19,"column":15},"end":{"line":19,"column":null}},"5":{"start":{"line":20,"column":13},"end":{"line":20,"column":null}}},"fnMap":{"0":{"name":"(anonymous_0)","decl":{"start":{"line":13,"column":23},"end":{"line":13,"column":24}},"loc":{"start":{"line":13,"column":66},"end":{"line":15,"column":3}}}},"branchMap":{},"s":{"0":4,"1":4,"2":4,"3":7,"4":4,"5":4},"f":{"0":7},"b":{}}
,"C:\\Users\\Marlon\\Documents\\Proyectos FUERA\\Servicios\\1. Mercadolibre\\mercadolibre-app\\mercadolibre-frontend\\src\\core\\products\\application\\SearchProductsUseCase.ts": {"path":"C:\\Users\\Marlon\\Documents\\Proyectos FUERA\\Servicios\\1. Mercadolibre\\mercadolibre-app\\mercadolibre-frontend\\src\\core\\products\\application\\SearchProductsUseCase.ts","statementMap":{"0":{"start":{"line":1,"column":0},"end":{"line":1,"column":61}},"1":{"start":{"line":5,"column":37},"end":{"line":7,"column":null}},"2":{"start":{"line":9,"column":27},"end":{"line":17,"column":2}},"3":{"start":{"line":14,"column":3},"end":{"line":14,"column":null}},"4":{"start":{"line":19,"column":15},"end":{"line":19,"column":null}},"5":{"start":{"line":20,"column":13},"end":{"line":20,"column":null}}},"fnMap":{"0":{"name":"(anonymous_0)","decl":{"start":{"line":13,"column":21},"end":{"line":13,"column":22}},"loc":{"start":{"line":13,"column":64},"end":{"line":15,"column":3}}}},"branchMap":{},"s":{"0":4,"1":4,"2":4,"3":14,"4":4,"5":4},"f":{"0":14},"b":{}}
,"C:\\Users\\Marlon\\Documents\\Proyectos FUERA\\Servicios\\1. Mercadolibre\\mercadolibre-app\\mercadolibre-frontend\\src\\core\\products\\infrastructure\\ProductsRepository.ts": {"path":"C:\\Users\\Marlon\\Documents\\Proyectos FUERA\\Servicios\\1. Mercadolibre\\mercadolibre-app\\mercadolibre-frontend\\src\\core\\products\\infrastructure\\ProductsRepository.ts","statementMap":{"0":{"start":{"line":1,"column":0},"end":{"line":1,"column":72}},"1":{"start":{"line":2,"column":0},"end":{"line":2,"column":37}},"2":{"start":{"line":4,"column":13},"end":{"line":24,"column":null}},"3":{"start":{"line":10,"column":26},"end":{"line":23,"column":3}},"4":{"start":{"line":12,"column":20},"end":{"line":12,"column":63}},"5":{"start":{"line":15,"column":20},"end":{"line":15,"column":63}},"6":{"start":{"line":18,"column":18},"end":{"line":18,"column":57}},"7":{"start":{"line":21,"column":18},"end":{"line":21,"column":57}},"8":{"start":{"line":27,"column":15},"end":{"line":27,"column":null}}},"fnMap":{"0":{"name":"(anonymous_0)","decl":{"start":{"line":10,"column":12},"end":{"line":10,"column":13}},"loc":{"start":{"line":10,"column":26},"end":{"line":23,"column":3}}},"1":{"name":"(anonymous_1)","decl":{"start":{"line":12,"column":10},"end":{"line":12,"column":11}},"loc":{"start":{"line":12,"column":20},"end":{"line":12,"column":63}}},"2":{"name":"(anonymous_2)","decl":{"start":{"line":15,"column":10},"end":{"line":15,"column":11}},"loc":{"start":{"line":15,"column":20},"end":{"line":15,"column":63}}},"3":{"name":"(anonymous_3)","decl":{"start":{"line":18,"column":10},"end":{"line":18,"column":11}},"loc":{"start":{"line":18,"column":18},"end":{"line":18,"column":57}}},"4":{"name":"(anonymous_4)","decl":{"start":{"line":21,"column":10},"end":{"line":21,"column":11}},"loc":{"start":{"line":21,"column":18},"end":{"line":21,"column":57}}}},"branchMap":{},"s":{"0":4,"1":4,"2":4,"3":4,"4":0,"5":1,"6":0,"7":1,"8":4},"f":{"0":4,"1":0,"2":1,"3":0,"4":1},"b":{}}
,"C:\\Users\\Marlon\\Documents\\Proyectos FUERA\\Servicios\\1. Mercadolibre\\mercadolibre-app\\mercadolibre-frontend\\src\\ui\\hooks\\reduxHooks.ts": {"path":"C:\\Users\\Marlon\\Documents\\Proyectos FUERA\\Servicios\\1. Mercadolibre\\mercadolibre-app\\mercadolibre-frontend\\src\\ui\\hooks\\reduxHooks.ts","statementMap":{"0":{"start":{"line":1,"column":0},"end":{"line":1,"column":54}},"1":{"start":{"line":6,"column":13},"end":{"line":6,"column":null}},"2":{"start":{"line":7,"column":13},"end":{"line":7,"column":null}}},"fnMap":{},"branchMap":{},"s":{"0":4,"1":4,"2":4},"f":{},"b":{}}
}
